<?xml version="1.0" encoding="UTF-8"?>
<testng-results skipped="2" failed="1" ignored="0" total="3" passed="0">
  <reporter-output>
  </reporter-output>
  <suite name="Default suite" duration-ms="22470" started-at="2018-07-03T08:03:34Z" finished-at="2018-07-03T08:03:56Z">
    <groups>
    </groups>
    <test name="Default test" duration-ms="22470" started-at="2018-07-03T08:03:34Z" finished-at="2018-07-03T08:03:56Z">
      <class name="actionPackage.Hybrid_execution">
        <test-method status="PASS" signature="reportsetting()[pri:0, instance:actionPackage.Hybrid_execution@5e853265]" name="reportsetting" is-config="true" duration-ms="107" started-at="2018-07-03T08:03:34Z" finished-at="2018-07-03T08:03:34Z">
          <reporter-output>
          </reporter-output>
        </test-method> <!-- reportsetting -->
        <test-method status="SKIP" signature="executionclass(java.lang.String, java.lang.String, java.lang.String, java.lang.String)[pri:0, instance:actionPackage.Hybrid_execution@5e853265]" name="executionclass" duration-ms="5" started-at="2018-07-03T08:03:34Z" data-provider="Data" finished-at="2018-07-03T08:03:34Z">
          <params>
            <param index="0">
              <value>
                <![CDATA[Login to application]]>
              </value>
            </param>
            <param index="1">
              <value>
                <![CDATA[login to Application description]]>
              </value>
            </param>
            <param index="2">
              <value>
                <![CDATA[N]]>
              </value>
            </param>
            <param index="3">
              <value>
                <![CDATA[Firefox]]>
              </value>
            </param>
          </params>
          <exception class="org.testng.SkipException">
            <message>
              <![CDATA[test case skipped as runmode is N]]>
            </message>
            <full-stacktrace>
              <![CDATA[org.testng.SkipException: test case skipped as runmode is N
at actionPackage.Hybrid_execution.executionclass(Hybrid_execution.java:144)
at sun.reflect.NativeMethodAccessorImpl.invoke0(Native Method)
at sun.reflect.NativeMethodAccessorImpl.invoke(NativeMethodAccessorImpl.java:62)
at sun.reflect.DelegatingMethodAccessorImpl.invoke(DelegatingMethodAccessorImpl.java:43)
at java.lang.reflect.Method.invoke(Method.java:498)
at org.testng.internal.MethodInvocationHelper.invokeMethod(MethodInvocationHelper.java:124)
at org.testng.internal.Invoker.invokeMethod(Invoker.java:580)
at org.testng.internal.Invoker.invokeTestMethod(Invoker.java:716)
at org.testng.internal.Invoker.invokeTestMethods(Invoker.java:988)
at org.testng.internal.TestMethodWorker.invokeTestMethods(TestMethodWorker.java:125)
at org.testng.internal.TestMethodWorker.run(TestMethodWorker.java:109)
at org.testng.TestRunner.privateRun(TestRunner.java:648)
at org.testng.TestRunner.run(TestRunner.java:505)
at org.testng.SuiteRunner.runTest(SuiteRunner.java:455)
at org.testng.SuiteRunner.runSequentially(SuiteRunner.java:450)
at org.testng.SuiteRunner.privateRun(SuiteRunner.java:415)
at org.testng.SuiteRunner.run(SuiteRunner.java:364)
at org.testng.SuiteRunnerWorker.runSuite(SuiteRunnerWorker.java:52)
at org.testng.SuiteRunnerWorker.run(SuiteRunnerWorker.java:84)
at org.testng.TestNG.runSuitesSequentially(TestNG.java:1208)
at org.testng.TestNG.runSuitesLocally(TestNG.java:1137)
at org.testng.TestNG.runSuites(TestNG.java:1049)
at org.testng.TestNG.run(TestNG.java:1017)
at org.testng.remote.AbstractRemoteTestNG.run(AbstractRemoteTestNG.java:114)
at org.testng.remote.RemoteTestNG.initAndRun(RemoteTestNG.java:251)
at org.testng.remote.RemoteTestNG.main(RemoteTestNG.java:77)
]]>
            </full-stacktrace>
          </exception> <!-- org.testng.SkipException -->
          <reporter-output>
          </reporter-output>
        </test-method> <!-- executionclass -->
        <test-method status="PASS" signature="reporting(org.testng.ITestResult)[pri:0, instance:actionPackage.Hybrid_execution@5e853265]" name="reporting" is-config="true" duration-ms="9" started-at="2018-07-03T08:03:34Z" finished-at="2018-07-03T08:03:34Z">
          <params>
            <param index="0">
              <value>
                <![CDATA[[TestResult name=executionclass status=SKIP method=Hybrid_execution.executionclass(java.lang.String, java.lang.String, java.lang.String, java.lang.String)[pri:0, instance:actionPackage.Hybrid_execution@5e853265] output={null}]]]>
              </value>
            </param>
          </params>
          <reporter-output>
          </reporter-output>
        </test-method> <!-- reporting -->
        <test-method status="SKIP" signature="executionclass(java.lang.String, java.lang.String, java.lang.String, java.lang.String)[pri:0, instance:actionPackage.Hybrid_execution@5e853265]" name="executionclass" duration-ms="1" started-at="2018-07-03T08:03:34Z" data-provider="Data" finished-at="2018-07-03T08:03:34Z">
          <params>
            <param index="0">
              <value>
                <![CDATA[Open New Request page]]>
              </value>
            </param>
            <param index="1">
              <value>
                <![CDATA[New Request page is getting open]]>
              </value>
            </param>
            <param index="2">
              <value>
                <![CDATA[N]]>
              </value>
            </param>
            <param index="3">
              <value>
                <![CDATA[Firefox]]>
              </value>
            </param>
          </params>
          <exception class="org.testng.SkipException">
            <message>
              <![CDATA[test case skipped as runmode is N]]>
            </message>
            <full-stacktrace>
              <![CDATA[org.testng.SkipException: test case skipped as runmode is N
at actionPackage.Hybrid_execution.executionclass(Hybrid_execution.java:144)
at sun.reflect.NativeMethodAccessorImpl.invoke0(Native Method)
at sun.reflect.NativeMethodAccessorImpl.invoke(NativeMethodAccessorImpl.java:62)
at sun.reflect.DelegatingMethodAccessorImpl.invoke(DelegatingMethodAccessorImpl.java:43)
at java.lang.reflect.Method.invoke(Method.java:498)
at org.testng.internal.MethodInvocationHelper.invokeMethod(MethodInvocationHelper.java:124)
at org.testng.internal.Invoker.invokeMethod(Invoker.java:580)
at org.testng.internal.Invoker.invokeTestMethod(Invoker.java:716)
at org.testng.internal.Invoker.invokeTestMethods(Invoker.java:988)
at org.testng.internal.TestMethodWorker.invokeTestMethods(TestMethodWorker.java:125)
at org.testng.internal.TestMethodWorker.run(TestMethodWorker.java:109)
at org.testng.TestRunner.privateRun(TestRunner.java:648)
at org.testng.TestRunner.run(TestRunner.java:505)
at org.testng.SuiteRunner.runTest(SuiteRunner.java:455)
at org.testng.SuiteRunner.runSequentially(SuiteRunner.java:450)
at org.testng.SuiteRunner.privateRun(SuiteRunner.java:415)
at org.testng.SuiteRunner.run(SuiteRunner.java:364)
at org.testng.SuiteRunnerWorker.runSuite(SuiteRunnerWorker.java:52)
at org.testng.SuiteRunnerWorker.run(SuiteRunnerWorker.java:84)
at org.testng.TestNG.runSuitesSequentially(TestNG.java:1208)
at org.testng.TestNG.runSuitesLocally(TestNG.java:1137)
at org.testng.TestNG.runSuites(TestNG.java:1049)
at org.testng.TestNG.run(TestNG.java:1017)
at org.testng.remote.AbstractRemoteTestNG.run(AbstractRemoteTestNG.java:114)
at org.testng.remote.RemoteTestNG.initAndRun(RemoteTestNG.java:251)
at org.testng.remote.RemoteTestNG.main(RemoteTestNG.java:77)
]]>
            </full-stacktrace>
          </exception> <!-- org.testng.SkipException -->
          <reporter-output>
          </reporter-output>
        </test-method> <!-- executionclass -->
        <test-method status="PASS" signature="reporting(org.testng.ITestResult)[pri:0, instance:actionPackage.Hybrid_execution@5e853265]" name="reporting" is-config="true" duration-ms="1" started-at="2018-07-03T08:03:34Z" finished-at="2018-07-03T08:03:34Z">
          <params>
            <param index="0">
              <value>
                <![CDATA[[TestResult name=executionclass status=SKIP method=Hybrid_execution.executionclass(java.lang.String, java.lang.String, java.lang.String, java.lang.String)[pri:0, instance:actionPackage.Hybrid_execution@5e853265] output={null}]]]>
              </value>
            </param>
          </params>
          <reporter-output>
          </reporter-output>
        </test-method> <!-- reporting -->
        <test-method status="FAIL" signature="executionclass(java.lang.String, java.lang.String, java.lang.String, java.lang.String)[pri:0, instance:actionPackage.Hybrid_execution@5e853265]" name="executionclass" duration-ms="21721" started-at="2018-07-03T08:03:34Z" data-provider="Data" finished-at="2018-07-03T08:03:56Z">
          <params>
            <param index="0">
              <value>
                <![CDATA[Create new Request]]>
              </value>
            </param>
            <param index="1">
              <value>
                <![CDATA[Fill new request form and submit]]>
              </value>
            </param>
            <param index="2">
              <value>
                <![CDATA[Y]]>
              </value>
            </param>
            <param index="3">
              <value>
                <![CDATA[Firefox]]>
              </value>
            </param>
          </params>
          <exception class="org.openqa.selenium.NoSuchElementException">
            <message>
              <![CDATA[Unable to locate element: //.[contains(text(),'Shashank')]
For documentation on this error, please visit: http://seleniumhq.org/exceptions/no_such_element.html
Build info: version: '3.12.0', revision: '7c6e0b3', time: '2018-05-08T14:04:26.12Z'
System info: host: 'EVS01CPB424', ip: '192.168.56.1', os.name: 'Windows 10', os.arch: 'amd64', os.version: '10.0', java.version: '1.8.0_162'
Driver info: org.openqa.selenium.firefox.FirefoxDriver
Capabilities {acceptInsecureCerts: true, browserName: firefox, browserVersion: 59.0.3, javascriptEnabled: true, moz:accessibilityChecks: false, moz:headless: false, moz:processID: 16392, moz:profile: C:\Users\chaman.preet\AppDa..., moz:useNonSpecCompliantPointerOrigin: false, moz:webdriverClick: true, pageLoadStrategy: normal, platform: XP, platformName: XP, platformVersion: 10.0, rotatable: false, timeouts: {implicit: 0, pageLoad: 300000, script: 30000}}
Session ID: c7c8618e-cf33-41d3-bd9c-855b843b5bf9
*** Element info: {Using=xpath, value=//.[contains(text(),'Shashank')]}]]>
            </message>
            <full-stacktrace>
              <![CDATA[org.openqa.selenium.NoSuchElementException: Unable to locate element: //.[contains(text(),'Shashank')]
For documentation on this error, please visit: http://seleniumhq.org/exceptions/no_such_element.html
Build info: version: '3.12.0', revision: '7c6e0b3', time: '2018-05-08T14:04:26.12Z'
System info: host: 'EVS01CPB424', ip: '192.168.56.1', os.name: 'Windows 10', os.arch: 'amd64', os.version: '10.0', java.version: '1.8.0_162'
Driver info: org.openqa.selenium.firefox.FirefoxDriver
Capabilities {acceptInsecureCerts: true, browserName: firefox, browserVersion: 59.0.3, javascriptEnabled: true, moz:accessibilityChecks: false, moz:headless: false, moz:processID: 16392, moz:profile: C:\Users\chaman.preet\AppDa..., moz:useNonSpecCompliantPointerOrigin: false, moz:webdriverClick: true, pageLoadStrategy: normal, platform: XP, platformName: XP, platformVersion: 10.0, rotatable: false, timeouts: {implicit: 0, pageLoad: 300000, script: 30000}}
Session ID: c7c8618e-cf33-41d3-bd9c-855b843b5bf9
*** Element info: {Using=xpath, value=//.[contains(text(),'Shashank')]}
at sun.reflect.NativeConstructorAccessorImpl.newInstance0(Native Method)
at sun.reflect.NativeConstructorAccessorImpl.newInstance(NativeConstructorAccessorImpl.java:62)
at sun.reflect.DelegatingConstructorAccessorImpl.newInstance(DelegatingConstructorAccessorImpl.java:45)
at java.lang.reflect.Constructor.newInstance(Constructor.java:423)
at org.openqa.selenium.remote.http.W3CHttpResponseCodec.createException(W3CHttpResponseCodec.java:187)
at org.openqa.selenium.remote.http.W3CHttpResponseCodec.decode(W3CHttpResponseCodec.java:122)
at org.openqa.selenium.remote.http.W3CHttpResponseCodec.decode(W3CHttpResponseCodec.java:49)
at org.openqa.selenium.remote.HttpCommandExecutor.execute(HttpCommandExecutor.java:158)
at org.openqa.selenium.remote.service.DriverCommandExecutor.execute(DriverCommandExecutor.java:83)
at org.openqa.selenium.remote.RemoteWebDriver.execute(RemoteWebDriver.java:543)
at org.openqa.selenium.remote.RemoteWebDriver.findElement(RemoteWebDriver.java:317)
at org.openqa.selenium.remote.RemoteWebDriver.findElementByXPath(RemoteWebDriver.java:419)
at org.openqa.selenium.By$ByXPath.findElement(By.java:353)
at org.openqa.selenium.remote.RemoteWebDriver.findElement(RemoteWebDriver.java:309)
at pageClasses.UICommon.common_operations(UICommon.java:34)
at actionPackage.Hybrid_execution.executionclass(Hybrid_execution.java:110)
at sun.reflect.NativeMethodAccessorImpl.invoke0(Native Method)
at sun.reflect.NativeMethodAccessorImpl.invoke(NativeMethodAccessorImpl.java:62)
at sun.reflect.DelegatingMethodAccessorImpl.invoke(DelegatingMethodAccessorImpl.java:43)
at java.lang.reflect.Method.invoke(Method.java:498)
at org.testng.internal.MethodInvocationHelper.invokeMethod(MethodInvocationHelper.java:124)
at org.testng.internal.Invoker.invokeMethod(Invoker.java:580)
at org.testng.internal.Invoker.invokeTestMethod(Invoker.java:716)
at org.testng.internal.Invoker.invokeTestMethods(Invoker.java:988)
at org.testng.internal.TestMethodWorker.invokeTestMethods(TestMethodWorker.java:125)
at org.testng.internal.TestMethodWorker.run(TestMethodWorker.java:109)
at org.testng.TestRunner.privateRun(TestRunner.java:648)
at org.testng.TestRunner.run(TestRunner.java:505)
at org.testng.SuiteRunner.runTest(SuiteRunner.java:455)
at org.testng.SuiteRunner.runSequentially(SuiteRunner.java:450)
at org.testng.SuiteRunner.privateRun(SuiteRunner.java:415)
at org.testng.SuiteRunner.run(SuiteRunner.java:364)
at org.testng.SuiteRunnerWorker.runSuite(SuiteRunnerWorker.java:52)
at org.testng.SuiteRunnerWorker.run(SuiteRunnerWorker.java:84)
at org.testng.TestNG.runSuitesSequentially(TestNG.java:1208)
at org.testng.TestNG.runSuitesLocally(TestNG.java:1137)
at org.testng.TestNG.runSuites(TestNG.java:1049)
at org.testng.TestNG.run(TestNG.java:1017)
at org.testng.remote.AbstractRemoteTestNG.run(AbstractRemoteTestNG.java:114)
at org.testng.remote.RemoteTestNG.initAndRun(RemoteTestNG.java:251)
at org.testng.remote.RemoteTestNG.main(RemoteTestNG.java:77)
]]>
            </full-stacktrace>
          </exception> <!-- org.openqa.selenium.NoSuchElementException -->
          <reporter-output>
          </reporter-output>
        </test-method> <!-- executionclass -->
        <test-method status="PASS" signature="reporting(org.testng.ITestResult)[pri:0, instance:actionPackage.Hybrid_execution@5e853265]" name="reporting" is-config="true" duration-ms="115" started-at="2018-07-03T08:03:56Z" finished-at="2018-07-03T08:03:56Z">
          <params>
            <param index="0">
              <value>
                <![CDATA[[TestResult name=executionclass status=FAILURE method=Hybrid_execution.executionclass(java.lang.String, java.lang.String, java.lang.String, java.lang.String)[pri:0, instance:actionPackage.Hybrid_execution@5e853265] output={null}]]]>
              </value>
            </param>
          </params>
          <reporter-output>
          </reporter-output>
        </test-method> <!-- reporting -->
        <test-method status="PASS" signature="cleanreport()[pri:0, instance:actionPackage.Hybrid_execution@5e853265]" name="cleanreport" is-config="true" duration-ms="217" started-at="2018-07-03T08:03:57Z" finished-at="2018-07-03T08:03:57Z">
          <reporter-output>
          </reporter-output>
        </test-method> <!-- cleanreport -->
      </class> <!-- actionPackage.Hybrid_execution -->
    </test> <!-- Default test -->
  </suite> <!-- Default suite -->
</testng-results>
